TN:
SF:src\App.jsx
FN:28,App
FN:31,(anonymous_1)
FNF:2
FNH:0
FNDA:0,App
FNDA:0,(anonymous_1)
DA:14,0
DA:29,0
DA:31,0
DA:32,0
DA:35,0
LF:5
LH:0
BRF:0
BRH:0
end_of_record
TN:
SF:src\index.js
FNF:0
FNH:0
DA:9,0
DA:10,0
DA:21,0
LF:3
LH:0
BRF:0
BRH:0
end_of_record
TN:
SF:src\reportWebVitals.js
FN:1,(anonymous_0)
FN:3,(anonymous_1)
FNF:2
FNH:0
FNDA:0,(anonymous_0)
FNDA:0,(anonymous_1)
DA:1,0
DA:2,0
DA:3,0
DA:4,0
DA:5,0
DA:6,0
DA:7,0
DA:8,0
LF:8
LH:0
BRDA:2,0,0,0
BRDA:2,0,1,0
BRDA:2,1,0,0
BRDA:2,1,1,0
BRF:4
BRH:0
end_of_record
TN:
SF:src\components\Card\Card.jsx
FN:10,Card
FN:12,(anonymous_1)
FN:22,checkChange
FN:26,editCardHandler
FN:33,saveEditedCardHandler
FN:40,exitFromEditingHandler
FN:46,handleDoubleClick
FNF:7
FNH:7
FNDA:50,Card
FNDA:50,(anonymous_1)
FNDA:1,checkChange
FNDA:4,editCardHandler
FNDA:1,saveEditedCardHandler
FNDA:1,exitFromEditingHandler
FNDA:2,handleDoubleClick
DA:11,50
DA:12,50
DA:14,50
DA:16,50
DA:17,50
DA:18,50
DA:19,50
DA:20,50
DA:23,1
DA:27,4
DA:28,4
DA:29,3
DA:34,1
DA:35,1
DA:36,1
DA:37,1
DA:41,1
DA:42,1
DA:43,1
DA:47,2
DA:48,1
DA:52,50
DA:80,1
LF:23
LH:23
BRDA:28,0,0,3
BRDA:28,0,1,1
BRDA:47,1,0,1
BRDA:47,1,1,1
BRDA:55,2,0,46
BRDA:55,2,1,4
BRF:6
BRH:6
end_of_record
TN:
SF:src\components\Card\CardFunctionality.jsx
FN:4,CardFunctionality
FNF:1
FNH:1
FNDA:53,CardFunctionality
DA:14,53
DA:54,1
LF:2
LH:2
BRDA:16,0,0,53
BRDA:16,0,1,10
BRDA:27,1,0,53
BRDA:27,1,1,52
BRDA:31,2,0,43
BRDA:31,2,1,9
BRDA:34,3,0,43
BRDA:34,3,1,9
BRF:8
BRH:8
end_of_record
TN:
SF:src\components\Card\CardLyrics.jsx
FN:4,CardLyrics
FN:9,(anonymous_1)
FN:10,(anonymous_2)
FNF:3
FNH:3
FNDA:52,CardLyrics
FNDA:26,(anonymous_1)
FNDA:29,(anonymous_2)
DA:5,52
DA:9,26
DA:10,29
DA:22,1
LF:4
LH:4
BRDA:7,0,0,43
BRDA:7,0,1,9
BRF:2
BRH:2
end_of_record
TN:
SF:src\components\CardList\CardList.jsx
FN:8,CardList
FN:9,(anonymous_1)
FN:13,(anonymous_2)
FNF:3
FNH:0
FNDA:0,CardList
FNDA:0,(anonymous_1)
FNDA:0,(anonymous_2)
DA:6,0
DA:9,0
DA:11,0
DA:14,0
LF:4
LH:0
BRF:0
BRH:0
end_of_record
TN:
SF:src\components\ErrorContent\Error404.jsx
FN:54,Error404
FNF:1
FNH:0
FNDA:0,Error404
DA:5,0
DA:14,0
DA:37,0
DA:45,0
DA:55,0
LF:5
LH:0
BRF:0
BRH:0
end_of_record
TN:
SF:src\components\Header\Header.jsx
FN:6,Header
FN:15,(anonymous_1)
FN:37,(anonymous_2)
FNF:3
FNH:0
FNDA:0,Header
FNDA:0,(anonymous_1)
FNDA:0,(anonymous_2)
DA:7,0
DA:15,0
DA:17,0
DA:37,0
LF:4
LH:0
BRDA:24,0,0,0
BRDA:24,0,1,0
BRDA:36,1,0,0
BRDA:36,1,1,0
BRDA:44,2,0,0
BRDA:44,2,1,0
BRF:6
BRH:0
end_of_record
TN:
SF:src\components\Loading\WithLoadingDelay.jsx
FN:5,WithLoadingDelay
FN:6,LoadingDelay
FN:9,(anonymous_2)
FN:10,(anonymous_3)
FN:13,(anonymous_4)
FNF:5
FNH:0
FNDA:0,WithLoadingDelay
FNDA:0,LoadingDelay
FNDA:0,(anonymous_2)
FNDA:0,(anonymous_3)
FNDA:0,(anonymous_4)
DA:6,0
DA:7,0
DA:9,0
DA:10,0
DA:11,0
DA:13,0
DA:16,0
LF:7
LH:0
BRDA:16,0,0,0
BRDA:16,0,1,0
BRF:2
BRH:0
end_of_record
TN:
SF:src\components\LoginContent\Input.jsx
FN:1,Input
FNF:1
FNH:0
FNDA:0,Input
DA:2,0
LF:1
LH:0
BRDA:8,0,0,0
BRDA:8,0,1,0
BRF:2
BRH:0
end_of_record
TN:
SF:src\components\LoginContent\LoginContent.jsx
FN:9,LoginContent
FN:14,(anonymous_1)
FN:23,handleSubmit
FN:30,handleInputChange
FN:34,handleBlur
FN:37,(anonymous_5)
FN:41,(anonymous_6)
FN:56,(anonymous_7)
FN:58,(anonymous_8)
FN:66,(anonymous_9)
FN:68,(anonymous_10)
FNF:11
FNH:0
FNDA:0,LoginContent
FNDA:0,(anonymous_1)
FNDA:0,handleSubmit
FNDA:0,handleInputChange
FNDA:0,handleBlur
FNDA:0,(anonymous_5)
FNDA:0,(anonymous_6)
FNDA:0,(anonymous_7)
FNDA:0,(anonymous_8)
FNDA:0,(anonymous_9)
FNDA:0,(anonymous_10)
DA:10,0
DA:11,0
DA:14,0
DA:16,0
DA:21,0
DA:24,0
DA:25,0
DA:26,0
DA:27,0
DA:31,0
DA:35,0
DA:37,0
DA:40,0
DA:41,0
DA:45,0
DA:48,0
DA:56,0
DA:58,0
DA:66,0
DA:68,0
LF:20
LH:0
BRDA:37,0,0,0
BRDA:37,0,1,0
BRDA:50,1,0,0
BRDA:50,1,1,0
BRDA:60,2,0,0
BRDA:60,2,1,0
BRDA:71,3,0,0
BRDA:71,3,1,0
BRF:8
BRH:0
end_of_record
TN:
SF:src\components\LoginContent\validation.js
FN:1,isEmail
FN:5,hasLetterAndNumber
FN:9,hasMinLength
FNF:3
FNH:0
FNDA:0,isEmail
FNDA:0,hasLetterAndNumber
FNDA:0,hasMinLength
DA:2,0
DA:6,0
DA:10,0
LF:3
LH:0
BRF:0
BRH:0
end_of_record
TN:
SF:src\components\WorkWithCards\ViewOnlyCheckbox.jsx
FN:18,ViewOnlyCheckbox
FN:20,(anonymous_1)
FN:22,checkViewHandler
FNF:3
FNH:0
FNDA:0,ViewOnlyCheckbox
FNDA:0,(anonymous_1)
FNDA:0,checkViewHandler
DA:5,0
DA:19,0
DA:20,0
DA:23,0
DA:26,0
LF:5
LH:0
BRF:0
BRH:0
end_of_record
TN:
SF:src\components\WorkWithCards\WorkWithCards.jsx
FN:5,WorkWithCards
FN:8,addCardHandler
FN:12,deleteSelectedCardsHandler
FNF:3
FNH:0
FNDA:0,WorkWithCards
FNDA:0,addCardHandler
FNDA:0,deleteSelectedCardsHandler
DA:6,0
DA:9,0
DA:13,0
DA:16,0
LF:4
LH:0
BRF:0
BRH:0
end_of_record
TN:
SF:src\pages\CardPage.jsx
FN:8,CardPage
FN:14,(anonymous_1)
FN:15,(anonymous_2)
FN:23,(anonymous_3)
FN:36,editCardHandler
FN:40,saveEditedCardHandler
FN:47,exitFromEditingHandler
FN:58,(anonymous_7)
FN:59,(anonymous_8)
FNF:9
FNH:0
FNDA:0,CardPage
FNDA:0,(anonymous_1)
FNDA:0,(anonymous_2)
FNDA:0,(anonymous_3)
FNDA:0,editCardHandler
FNDA:0,saveEditedCardHandler
FNDA:0,exitFromEditingHandler
FNDA:0,(anonymous_7)
FNDA:0,(anonymous_8)
DA:9,0
DA:10,0
DA:14,0
DA:15,0
DA:17,0
DA:18,0
DA:19,0
DA:20,0
DA:21,0
DA:23,0
DA:24,0
DA:25,0
DA:26,0
DA:27,0
DA:28,0
DA:32,0
DA:33,0
DA:37,0
DA:41,0
DA:42,0
DA:43,0
DA:44,0
DA:48,0
DA:49,0
DA:50,0
DA:53,0
DA:58,0
DA:59,0
LF:28
LH:0
BRDA:24,0,0,0
BRDA:24,0,1,0
BRDA:32,1,0,0
BRDA:32,1,1,0
BRDA:32,2,0,0
BRDA:32,2,1,0
BRDA:56,3,0,0
BRDA:56,3,1,0
BRDA:71,4,0,0
BRDA:71,4,1,0
BRDA:74,5,0,0
BRDA:74,5,1,0
BRF:12
BRH:0
end_of_record
TN:
SF:src\pages\ErrorPage.jsx
FN:3,ErrorPage
FNF:1
FNH:0
FNDA:0,ErrorPage
DA:4,0
LF:1
LH:0
BRF:0
BRH:0
end_of_record
TN:
SF:src\pages\Home.jsx
FN:5,Home
FNF:1
FNH:0
FNDA:0,Home
DA:6,0
LF:1
LH:0
BRF:0
BRH:0
end_of_record
TN:
SF:src\pages\Login.jsx
FN:3,Login
FNF:1
FNH:0
FNDA:0,Login
DA:4,0
LF:1
LH:0
BRF:0
BRH:0
end_of_record
TN:
SF:src\pages\Root.jsx
FN:5,RootLayout
FNF:1
FNH:0
FNDA:0,RootLayout
DA:6,0
LF:1
LH:0
BRF:0
BRH:0
end_of_record
TN:
SF:src\pages\Settings.jsx
FN:13,Settings
FN:14,(anonymous_1)
FNF:2
FNH:0
FNDA:0,Settings
FNDA:0,(anonymous_1)
DA:5,0
DA:14,0
DA:16,0
LF:3
LH:0
BRDA:19,0,0,0
BRDA:19,0,1,0
BRF:2
BRH:0
end_of_record
TN:
SF:src\store\auth.js
FN:15,(anonymous_0)
FN:23,(anonymous_1)
FN:35,(anonymous_2)
FNF:3
FNH:0
FNDA:0,(anonymous_0)
FNDA:0,(anonymous_1)
FNDA:0,(anonymous_2)
DA:3,0
DA:5,0
DA:11,0
DA:16,0
DA:17,0
DA:19,0
DA:24,0
DA:26,0
DA:36,0
DA:37,0
DA:38,0
DA:39,0
DA:40,0
DA:45,0
LF:14
LH:0
BRDA:5,0,0,0
BRDA:5,0,1,0
BRDA:20,1,0,0
BRDA:20,1,1,0
BRF:4
BRH:0
end_of_record
TN:
SF:src\store\index.js
FN:10,(anonymous_0)
FNF:1
FNH:0
FNDA:0,(anonymous_0)
DA:8,0
DA:10,0
LF:2
LH:0
BRF:0
BRH:0
end_of_record
TN:
SF:src\store\song.js
FN:5,(anonymous_0)
FN:18,(anonymous_1)
FN:20,(anonymous_2)
FN:22,(anonymous_3)
FN:23,(anonymous_4)
FN:26,(anonymous_5)
FN:36,(anonymous_6)
FN:38,(anonymous_7)
FN:43,(anonymous_8)
FN:45,(anonymous_9)
FN:49,(anonymous_10)
FNF:11
FNH:0
FNDA:0,(anonymous_0)
FNDA:0,(anonymous_1)
FNDA:0,(anonymous_2)
FNDA:0,(anonymous_3)
FNDA:0,(anonymous_4)
FNDA:0,(anonymous_5)
FNDA:0,(anonymous_6)
FNDA:0,(anonymous_7)
FNDA:0,(anonymous_8)
FNDA:0,(anonymous_9)
FNDA:0,(anonymous_10)
DA:5,0
DA:6,0
DA:9,0
DA:12,0
DA:14,0
DA:19,0
DA:20,0
DA:23,0
DA:24,0
DA:27,0
DA:33,0
DA:34,0
DA:37,0
DA:38,0
DA:39,0
DA:44,0
DA:46,0
DA:47,0
DA:50,0
DA:55,0
LF:20
LH:0
BRDA:20,0,0,0
BRDA:20,0,1,0
BRDA:39,1,0,0
BRDA:39,1,1,0
BRF:4
BRH:0
end_of_record
TN:
SF:src\store\view.js
FN:9,(anonymous_0)
FNF:1
FNH:0
FNDA:0,(anonymous_0)
DA:3,0
DA:5,0
DA:10,0
DA:12,0
DA:22,0
LF:5
LH:0
BRDA:3,0,0,0
BRDA:3,0,1,0
BRF:2
BRH:0
end_of_record
